<?xml version="1.0" encoding="UTF-8"?>
<testsuite xmlns:xsi="http://www.w3.org/2001/XMLSchema-instance" xsi:noNamespaceSchemaLocation="https://maven.apache.org/surefire/maven-surefire-plugin/xsd/surefire-test-report-3.0.xsd" version="3.0" name="org.java.calculator.CalculatorTest" time="0.084" tests="5" errors="1" skipped="0" failures="0">
  <properties>
[...]
</properties>
  <testcase name="testMultiplication" classname="org.java.calculator.CalculatorTest" time="0.024"/>
  <testcase name="testAddition" classname="org.java.calculator.CalculatorTest" time="0.002"/>
  <testcase name="testDivisionByZero" classname="org.java.calculator.CalculatorTest" time="0.004"/>
  <testcase name="testDivision" classname="org.java.calculator.CalculatorTest" time="0.011">
    <error message="Cannot divide by zero" type="java.lang.ArithmeticException"><![CDATA[java.lang.ArithmeticException: Cannot divide by zero
	at org.java.calculator.Calculator.divide(Calculator.java:17)
	at org.java.calculator.CalculatorTest.testDivision(CalculatorTest.java:31)
	at java.base/java.lang.reflect.Method.invoke(Method.java:568)
	at java.base/java.util.ArrayList.forEach(ArrayList.java:1511)
	at java.base/java.util.ArrayList.forEach(ArrayList.java:1511)
]]></error>
  </testcase>
  <testcase name="testSubtraction" classname="org.java.calculator.CalculatorTest" time="0.001"/>
</testsuite>